INFO:bot:✅ База данных инициализирована
INFO:bot:✅ Бот инициализирован
INFO:bot:💒 Свадьба: Валентин и Мария
INFO:bot:📅 Дата: 06.06.2026
INFO:bot:🌐 Mini App URL: https://your-webapp-url.com
INFO:__main__:🌐 Веб-сервер запущен на порту 8080
INFO:__main__:📱 Mini App доступен по адресу: http://localhost:8080
INFO:__main__:🚀 Все сервисы запущены!
INFO:aiogram.dispatcher:Start polling
INFO:aiogram.dispatcher:Run polling for bot @wedd_val_mar_bot id=8295772557 - 'wedding_valentin_and_mariya'
ERROR:aiohttp.server:Web-handler should return a response instance, got <function init_api.<locals>.cors_middleware.<locals>.middleware_handler at 0x10a6cb380>
Traceback (most recent call last):
  File "/Users/valentinezov/Projects/Wedding_bot/venv/lib/python3.13/site-packages/aiohttp/web_protocol.py", line 698, in finish_response
    prepare_meth = resp.prepare
                   ^^^^^^^^^^^^
AttributeError: 'function' object has no attribute 'prepare'
INFO:aiohttp.access:127.0.0.1 [18/Nov/2025:20:37:45 +0300] "GET /api/config HTTP/1.1" 500 199 "-" "curl/8.7.1"
INFO:aiohttp.access:127.0.0.1 [18/Nov/2025:20:37:45 +0300] "GET / HTTP/1.1" 200 12636 "-" "curl/8.7.1"
ERROR:aiohttp.server:Web-handler should return a response instance, got <function init_api.<locals>.cors_middleware.<locals>.middleware_handler at 0x10a6cb880>
Traceback (most recent call last):
  File "/Users/valentinezov/Projects/Wedding_bot/venv/lib/python3.13/site-packages/aiohttp/web_protocol.py", line 698, in finish_response
    prepare_meth = resp.prepare
                   ^^^^^^^^^^^^
AttributeError: 'function' object has no attribute 'prepare'
INFO:aiohttp.access:127.0.0.1 [18/Nov/2025:20:38:01 +0300] "GET /api/config HTTP/1.1" 500 199 "-" "curl/8.7.1"
ERROR:aiohttp.server:Web-handler should return a response instance, got <function init_api.<locals>.cors_middleware.<locals>.middleware_handler at 0x10a6cb240>
Traceback (most recent call last):
  File "/Users/valentinezov/Projects/Wedding_bot/venv/lib/python3.13/site-packages/aiohttp/web_protocol.py", line 698, in finish_response
    prepare_meth = resp.prepare
                   ^^^^^^^^^^^^
AttributeError: 'function' object has no attribute 'prepare'
INFO:aiohttp.access:127.0.0.1 [18/Nov/2025:20:38:01 +0300] "GET /api/config HTTP/1.1" 500 199 "-" "curl/8.7.1"
ERROR:aiohttp.server:Web-handler should return a response instance, got <function init_api.<locals>.cors_middleware.<locals>.middleware_handler at 0x10a6cb880>
Traceback (most recent call last):
  File "/Users/valentinezov/Projects/Wedding_bot/venv/lib/python3.13/site-packages/aiohttp/web_protocol.py", line 698, in finish_response
    prepare_meth = resp.prepare
                   ^^^^^^^^^^^^
AttributeError: 'function' object has no attribute 'prepare'
INFO:aiohttp.access:127.0.0.1 [18/Nov/2025:20:38:20 +0300] "GET /api/config HTTP/1.1" 500 199 "-" "curl/8.7.1"
ERROR:aiohttp.server:Web-handler should return a response instance, got <function init_api.<locals>.cors_middleware.<locals>.middleware_handler at 0x10a6cb2e0>
Traceback (most recent call last):
  File "/Users/valentinezov/Projects/Wedding_bot/venv/lib/python3.13/site-packages/aiohttp/web_protocol.py", line 698, in finish_response
    prepare_meth = resp.prepare
                   ^^^^^^^^^^^^
AttributeError: 'function' object has no attribute 'prepare'
INFO:aiohttp.access:127.0.0.1 [18/Nov/2025:20:38:27 +0300] "GET /api/config HTTP/1.1" 500 199 "-" "curl/8.7.1"
ERROR:aiohttp.server:Web-handler should return a response instance, got <function init_api.<locals>.cors_middleware.<locals>.middleware_handler at 0x10a6c9b20>
Traceback (most recent call last):
  File "/Users/valentinezov/Projects/Wedding_bot/venv/lib/python3.13/site-packages/aiohttp/web_protocol.py", line 698, in finish_response
    prepare_meth = resp.prepare
                   ^^^^^^^^^^^^
AttributeError: 'function' object has no attribute 'prepare'
INFO:aiohttp.access:127.0.0.1 [18/Nov/2025:20:38:29 +0300] "GET /api/config HTTP/1.1" 500 199 "-" "curl/8.7.1"
WARNING:bot:Не удалось отправить фото: HTTP Client says - ClientOSError: [Errno 2] Can not write request body for https://api.telegram.org/bot8295772557:AAH_udSU1FyjYH-mekFDZht2Yuy0EKI7s5g/sendPhoto
INFO:aiogram.event:Update id=617561334 is handled. Duration 973 ms by bot id=8295772557
INFO:aiogram.event:Update id=617561335 is handled. Duration 361 ms by bot id=8295772557
INFO:aiogram.event:Update id=617561336 is handled. Duration 114 ms by bot id=8295772557
INFO:aiogram.event:Update id=617561337 is handled. Duration 146 ms by bot id=8295772557
WARNING:bot:Не удалось отправить фото: HTTP Client says - ClientOSError: [Errno 2] Can not write request body for https://api.telegram.org/bot8295772557:AAH_udSU1FyjYH-mekFDZht2Yuy0EKI7s5g/sendPhoto
INFO:aiogram.event:Update id=617561338 is handled. Duration 606 ms by bot id=8295772557
ERROR:aiohttp.server:Web-handler should return a response instance, got <function init_api.<locals>.cors_middleware.<locals>.middleware_handler at 0x10a838220>
Traceback (most recent call last):
  File "/Users/valentinezov/Projects/Wedding_bot/venv/lib/python3.13/site-packages/aiohttp/web_protocol.py", line 698, in finish_response
    prepare_meth = resp.prepare
                   ^^^^^^^^^^^^
AttributeError: 'function' object has no attribute 'prepare'
INFO:aiohttp.access:127.0.0.1 [18/Nov/2025:20:42:56 +0300] "GET /api/config HTTP/1.1" 500 199 "-" "curl/8.7.1"
INFO:aiohttp.access:127.0.0.1 [18/Nov/2025:20:43:25 +0300] "GET / HTTP/1.1" 200 12636 "-" "curl/8.7.1"
INFO:aiogram.event:Update id=617561339 is handled. Duration 531 ms by bot id=8295772557
ERROR:aiohttp.server:Web-handler should return a response instance, got <function init_api.<locals>.cors_middleware.<locals>.middleware_handler at 0x10a838680>
Traceback (most recent call last):
  File "/Users/valentinezov/Projects/Wedding_bot/venv/lib/python3.13/site-packages/aiohttp/web_protocol.py", line 698, in finish_response
    prepare_meth = resp.prepare
                   ^^^^^^^^^^^^
AttributeError: 'function' object has no attribute 'prepare'
INFO:aiohttp.access:127.0.0.1 [18/Nov/2025:20:47:05 +0300] "GET /api/config HTTP/1.1" 500 199 "-" "curl/8.7.1"
INFO:aiohttp.access:127.0.0.1 [18/Nov/2025:20:47:07 +0300] "GET /style.css HTTP/1.1" 200 7518 "-" "curl/8.7.1"
ERROR:aiohttp.server:Web-handler should return a response instance, got <function init_api.<locals>.cors_middleware.<locals>.middleware_handler at 0x10a838360>
Traceback (most recent call last):
  File "/Users/valentinezov/Projects/Wedding_bot/venv/lib/python3.13/site-packages/aiohttp/web_protocol.py", line 698, in finish_response
    prepare_meth = resp.prepare
                   ^^^^^^^^^^^^
AttributeError: 'function' object has no attribute 'prepare'
INFO:aiohttp.access:127.0.0.1 [18/Nov/2025:20:47:54 +0300] "GET /api/config HTTP/1.1" 500 199 "-" "curl/8.7.1"
ERROR:aiohttp.server:Web-handler should return a response instance, got <function init_api.<locals>.cors_middleware.<locals>.middleware_handler at 0x10a838360>
Traceback (most recent call last):
  File "/Users/valentinezov/Projects/Wedding_bot/venv/lib/python3.13/site-packages/aiohttp/web_protocol.py", line 698, in finish_response
    prepare_meth = resp.prepare
                   ^^^^^^^^^^^^
AttributeError: 'function' object has no attribute 'prepare'
INFO:aiohttp.access:127.0.0.1 [18/Nov/2025:20:48:40 +0300] "GET /api/config HTTP/1.1" 500 199 "-" "curl/8.7.1"
INFO:aiohttp.access:127.0.0.1 [18/Nov/2025:20:49:00 +0300] "GET / HTTP/1.1" 200 12636 "-" "Mozilla/5.0 (Macintosh; Intel Mac OS X 10_15_7) AppleWebKit/537.36 (KHTML, like Gecko) Chrome/142.0.0.0 Safari/537.36"
INFO:aiohttp.access:127.0.0.1 [18/Nov/2025:20:49:00 +0300] "GET /wedding_photo.jpg HTTP/1.1" 200 12637 "http://localhost:8080/" "Mozilla/5.0 (Macintosh; Intel Mac OS X 10_15_7) AppleWebKit/537.36 (KHTML, like Gecko) Chrome/142.0.0.0 Safari/537.36"
INFO:aiohttp.access:127.0.0.1 [18/Nov/2025:20:49:00 +0300] "GET /style.css HTTP/1.1" 200 7518 "http://localhost:8080/" "Mozilla/5.0 (Macintosh; Intel Mac OS X 10_15_7) AppleWebKit/537.36 (KHTML, like Gecko) Chrome/142.0.0.0 Safari/537.36"
INFO:aiohttp.access:127.0.0.1 [18/Nov/2025:20:49:00 +0300] "GET /app.js HTTP/1.1" 200 7729 "http://localhost:8080/" "Mozilla/5.0 (Macintosh; Intel Mac OS X 10_15_7) AppleWebKit/537.36 (KHTML, like Gecko) Chrome/142.0.0.0 Safari/537.36"
ERROR:aiohttp.server:Web-handler should return a response instance, got <function init_api.<locals>.cors_middleware.<locals>.middleware_handler at 0x10a838cc0>
Traceback (most recent call last):
  File "/Users/valentinezov/Projects/Wedding_bot/venv/lib/python3.13/site-packages/aiohttp/web_protocol.py", line 698, in finish_response
    prepare_meth = resp.prepare
                   ^^^^^^^^^^^^
AttributeError: 'function' object has no attribute 'prepare'
INFO:aiohttp.access:127.0.0.1 [18/Nov/2025:20:49:01 +0300] "GET /api/config HTTP/1.1" 500 199 "http://localhost:8080/" "Mozilla/5.0 (Macintosh; Intel Mac OS X 10_15_7) AppleWebKit/537.36 (KHTML, like Gecko) Chrome/142.0.0.0 Safari/537.36"
INFO:aiohttp.access:127.0.0.1 [18/Nov/2025:20:49:01 +0300] "GET /favicon.ico HTTP/1.1" 200 12636 "http://localhost:8080/" "Mozilla/5.0 (Macintosh; Intel Mac OS X 10_15_7) AppleWebKit/537.36 (KHTML, like Gecko) Chrome/142.0.0.0 Safari/537.36"
INFO:aiohttp.access:127.0.0.1 [18/Nov/2025:20:49:11 +0300] "GET / HTTP/1.1" 200 12636 "-" "curl/8.7.1"
INFO:aiohttp.access:127.0.0.1 [18/Nov/2025:20:49:13 +0300] "GET / HTTP/1.1" 200 12636 "-" "curl/8.7.1"
ERROR:aiogram.dispatcher:Failed to fetch updates - TelegramNetworkError: HTTP Client says - ClientOSError: [Errno 54] Connection reset by peer
WARNING:aiogram.dispatcher:Sleep for 1.000000 seconds and try again... (tryings = 0, bot id = 8295772557)
INFO:aiogram.dispatcher:Connection established (tryings = 1, bot id = 8295772557)
ERROR:aiogram.dispatcher:Failed to fetch updates - TelegramNetworkError: HTTP Client says - ClientOSError: [Errno 54] Connection reset by peer
WARNING:aiogram.dispatcher:Sleep for 1.000000 seconds and try again... (tryings = 0, bot id = 8295772557)
INFO:aiogram.dispatcher:Connection established (tryings = 1, bot id = 8295772557)
ERROR:aiogram.dispatcher:Failed to fetch updates - TelegramNetworkError: HTTP Client says - Request timeout error
WARNING:aiogram.dispatcher:Sleep for 1.000000 seconds and try again... (tryings = 0, bot id = 8295772557)
INFO:aiogram.dispatcher:Connection established (tryings = 1, bot id = 8295772557)
INFO:aiogram.event:Update id=617561340 is handled. Duration 207 ms by bot id=8295772557
ERROR:aiogram.dispatcher:Failed to fetch updates - TelegramConflictError: Telegram server says - Conflict: terminated by other getUpdates request; make sure that only one bot instance is running
WARNING:aiogram.dispatcher:Sleep for 1.000000 seconds and try again... (tryings = 0, bot id = 8295772557)
ERROR:aiogram.dispatcher:Failed to fetch updates - TelegramConflictError: Telegram server says - Conflict: terminated by other getUpdates request; make sure that only one bot instance is running
WARNING:aiogram.dispatcher:Sleep for 1.468549 seconds and try again... (tryings = 1, bot id = 8295772557)
ERROR:aiogram.dispatcher:Failed to fetch updates - TelegramConflictError: Telegram server says - Conflict: terminated by other getUpdates request; make sure that only one bot instance is running
WARNING:aiogram.dispatcher:Sleep for 1.922409 seconds and try again... (tryings = 2, bot id = 8295772557)
ERROR:aiogram.dispatcher:Failed to fetch updates - TelegramConflictError: Telegram server says - Conflict: terminated by other getUpdates request; make sure that only one bot instance is running
WARNING:aiogram.dispatcher:Sleep for 2.448968 seconds and try again... (tryings = 3, bot id = 8295772557)
ERROR:aiogram.dispatcher:Failed to fetch updates - TelegramConflictError: Telegram server says - Conflict: terminated by other getUpdates request; make sure that only one bot instance is running
WARNING:aiogram.dispatcher:Sleep for 3.252000 seconds and try again... (tryings = 4, bot id = 8295772557)
ERROR:aiogram.dispatcher:Failed to fetch updates - TelegramConflictError: Telegram server says - Conflict: terminated by other getUpdates request; make sure that only one bot instance is running
WARNING:aiogram.dispatcher:Sleep for 4.304276 seconds and try again... (tryings = 5, bot id = 8295772557)
ERROR:aiogram.dispatcher:Failed to fetch updates - TelegramConflictError: Telegram server says - Conflict: terminated by other getUpdates request; make sure that only one bot instance is running
WARNING:aiogram.dispatcher:Sleep for 4.878600 seconds and try again... (tryings = 6, bot id = 8295772557)
ERROR:aiogram.dispatcher:Failed to fetch updates - TelegramConflictError: Telegram server says - Conflict: terminated by other getUpdates request; make sure that only one bot instance is running
WARNING:aiogram.dispatcher:Sleep for 4.845594 seconds and try again... (tryings = 7, bot id = 8295772557)
ERROR:aiogram.dispatcher:Failed to fetch updates - TelegramConflictError: Telegram server says - Conflict: terminated by other getUpdates request; make sure that only one bot instance is running
WARNING:aiogram.dispatcher:Sleep for 5.054197 seconds and try again... (tryings = 8, bot id = 8295772557)
ERROR:aiogram.dispatcher:Failed to fetch updates - TelegramConflictError: Telegram server says - Conflict: terminated by other getUpdates request; make sure that only one bot instance is running
WARNING:aiogram.dispatcher:Sleep for 5.034833 seconds and try again... (tryings = 9, bot id = 8295772557)
ERROR:aiogram.dispatcher:Failed to fetch updates - TelegramConflictError: Telegram server says - Conflict: terminated by other getUpdates request; make sure that only one bot instance is running
WARNING:aiogram.dispatcher:Sleep for 4.918723 seconds and try again... (tryings = 10, bot id = 8295772557)
ERROR:aiogram.dispatcher:Failed to fetch updates - TelegramConflictError: Telegram server says - Conflict: terminated by other getUpdates request; make sure that only one bot instance is running
WARNING:aiogram.dispatcher:Sleep for 5.048802 seconds and try again... (tryings = 11, bot id = 8295772557)
ERROR:aiogram.dispatcher:Failed to fetch updates - TelegramConflictError: Telegram server says - Conflict: terminated by other getUpdates request; make sure that only one bot instance is running
WARNING:aiogram.dispatcher:Sleep for 5.049497 seconds and try again... (tryings = 12, bot id = 8295772557)
ERROR:aiogram.dispatcher:Failed to fetch updates - TelegramConflictError: Telegram server says - Conflict: terminated by other getUpdates request; make sure that only one bot instance is running
WARNING:aiogram.dispatcher:Sleep for 5.040553 seconds and try again... (tryings = 13, bot id = 8295772557)
ERROR:aiogram.dispatcher:Failed to fetch updates - TelegramConflictError: Telegram server says - Conflict: terminated by other getUpdates request; make sure that only one bot instance is running
WARNING:aiogram.dispatcher:Sleep for 4.947485 seconds and try again... (tryings = 14, bot id = 8295772557)
ERROR:aiogram.dispatcher:Failed to fetch updates - TelegramConflictError: Telegram server says - Conflict: terminated by other getUpdates request; make sure that only one bot instance is running
WARNING:aiogram.dispatcher:Sleep for 4.981235 seconds and try again... (tryings = 15, bot id = 8295772557)
ERROR:aiogram.dispatcher:Failed to fetch updates - TelegramConflictError: Telegram server says - Conflict: terminated by other getUpdates request; make sure that only one bot instance is running
WARNING:aiogram.dispatcher:Sleep for 5.034930 seconds and try again... (tryings = 16, bot id = 8295772557)
ERROR:aiogram.dispatcher:Failed to fetch updates - TelegramConflictError: Telegram server says - Conflict: terminated by other getUpdates request; make sure that only one bot instance is running
WARNING:aiogram.dispatcher:Sleep for 5.107885 seconds and try again... (tryings = 17, bot id = 8295772557)
ERROR:aiogram.dispatcher:Failed to fetch updates - TelegramConflictError: Telegram server says - Conflict: terminated by other getUpdates request; make sure that only one bot instance is running
WARNING:aiogram.dispatcher:Sleep for 4.933905 seconds and try again... (tryings = 18, bot id = 8295772557)
ERROR:aiogram.dispatcher:Failed to fetch updates - TelegramConflictError: Telegram server says - Conflict: terminated by other getUpdates request; make sure that only one bot instance is running
WARNING:aiogram.dispatcher:Sleep for 5.021317 seconds and try again... (tryings = 19, bot id = 8295772557)
ERROR:aiogram.dispatcher:Failed to fetch updates - TelegramConflictError: Telegram server says - Conflict: terminated by other getUpdates request; make sure that only one bot instance is running
WARNING:aiogram.dispatcher:Sleep for 5.000505 seconds and try again... (tryings = 20, bot id = 8295772557)
ERROR:aiogram.dispatcher:Failed to fetch updates - TelegramConflictError: Telegram server says - Conflict: terminated by other getUpdates request; make sure that only one bot instance is running
WARNING:aiogram.dispatcher:Sleep for 5.126623 seconds and try again... (tryings = 21, bot id = 8295772557)
ERROR:aiogram.dispatcher:Failed to fetch updates - TelegramConflictError: Telegram server says - Conflict: terminated by other getUpdates request; make sure that only one bot instance is running
WARNING:aiogram.dispatcher:Sleep for 5.021761 seconds and try again... (tryings = 22, bot id = 8295772557)
ERROR:aiogram.dispatcher:Failed to fetch updates - TelegramConflictError: Telegram server says - Conflict: terminated by other getUpdates request; make sure that only one bot instance is running
WARNING:aiogram.dispatcher:Sleep for 4.991282 seconds and try again... (tryings = 23, bot id = 8295772557)
ERROR:aiogram.dispatcher:Failed to fetch updates - TelegramConflictError: Telegram server says - Conflict: terminated by other getUpdates request; make sure that only one bot instance is running
WARNING:aiogram.dispatcher:Sleep for 5.042721 seconds and try again... (tryings = 24, bot id = 8295772557)
ERROR:aiogram.dispatcher:Failed to fetch updates - TelegramConflictError: Telegram server says - Conflict: terminated by other getUpdates request; make sure that only one bot instance is running
WARNING:aiogram.dispatcher:Sleep for 4.769989 seconds and try again... (tryings = 25, bot id = 8295772557)
ERROR:aiogram.dispatcher:Failed to fetch updates - TelegramConflictError: Telegram server says - Conflict: terminated by other getUpdates request; make sure that only one bot instance is running
WARNING:aiogram.dispatcher:Sleep for 5.143827 seconds and try again... (tryings = 26, bot id = 8295772557)
ERROR:aiogram.dispatcher:Failed to fetch updates - TelegramConflictError: Telegram server says - Conflict: terminated by other getUpdates request; make sure that only one bot instance is running
WARNING:aiogram.dispatcher:Sleep for 5.096606 seconds and try again... (tryings = 27, bot id = 8295772557)
ERROR:aiogram.dispatcher:Failed to fetch updates - TelegramConflictError: Telegram server says - Conflict: terminated by other getUpdates request; make sure that only one bot instance is running
WARNING:aiogram.dispatcher:Sleep for 5.103485 seconds and try again... (tryings = 28, bot id = 8295772557)
ERROR:aiogram.dispatcher:Failed to fetch updates - TelegramConflictError: Telegram server says - Conflict: terminated by other getUpdates request; make sure that only one bot instance is running
WARNING:aiogram.dispatcher:Sleep for 4.965202 seconds and try again... (tryings = 29, bot id = 8295772557)
ERROR:aiogram.dispatcher:Failed to fetch updates - TelegramConflictError: Telegram server says - Conflict: terminated by other getUpdates request; make sure that only one bot instance is running
WARNING:aiogram.dispatcher:Sleep for 4.916758 seconds and try again... (tryings = 30, bot id = 8295772557)
ERROR:aiogram.dispatcher:Failed to fetch updates - TelegramConflictError: Telegram server says - Conflict: terminated by other getUpdates request; make sure that only one bot instance is running
WARNING:aiogram.dispatcher:Sleep for 5.043951 seconds and try again... (tryings = 31, bot id = 8295772557)
ERROR:aiogram.dispatcher:Failed to fetch updates - TelegramConflictError: Telegram server says - Conflict: terminated by other getUpdates request; make sure that only one bot instance is running
WARNING:aiogram.dispatcher:Sleep for 4.898552 seconds and try again... (tryings = 32, bot id = 8295772557)
ERROR:aiogram.dispatcher:Failed to fetch updates - TelegramConflictError: Telegram server says - Conflict: terminated by other getUpdates request; make sure that only one bot instance is running
WARNING:aiogram.dispatcher:Sleep for 4.985239 seconds and try again... (tryings = 33, bot id = 8295772557)
ERROR:aiogram.dispatcher:Failed to fetch updates - TelegramConflictError: Telegram server says - Conflict: terminated by other getUpdates request; make sure that only one bot instance is running
WARNING:aiogram.dispatcher:Sleep for 5.158565 seconds and try again... (tryings = 34, bot id = 8295772557)
ERROR:aiogram.dispatcher:Failed to fetch updates - TelegramConflictError: Telegram server says - Conflict: terminated by other getUpdates request; make sure that only one bot instance is running
WARNING:aiogram.dispatcher:Sleep for 5.141769 seconds and try again... (tryings = 35, bot id = 8295772557)
ERROR:aiogram.dispatcher:Failed to fetch updates - TelegramConflictError: Telegram server says - Conflict: terminated by other getUpdates request; make sure that only one bot instance is running
WARNING:aiogram.dispatcher:Sleep for 4.905080 seconds and try again... (tryings = 36, bot id = 8295772557)
ERROR:aiogram.dispatcher:Failed to fetch updates - TelegramConflictError: Telegram server says - Conflict: terminated by other getUpdates request; make sure that only one bot instance is running
WARNING:aiogram.dispatcher:Sleep for 5.117030 seconds and try again... (tryings = 37, bot id = 8295772557)
ERROR:aiogram.dispatcher:Failed to fetch updates - TelegramConflictError: Telegram server says - Conflict: terminated by other getUpdates request; make sure that only one bot instance is running
WARNING:aiogram.dispatcher:Sleep for 5.072658 seconds and try again... (tryings = 38, bot id = 8295772557)
ERROR:aiogram.dispatcher:Failed to fetch updates - TelegramConflictError: Telegram server says - Conflict: terminated by other getUpdates request; make sure that only one bot instance is running
WARNING:aiogram.dispatcher:Sleep for 5.031869 seconds and try again... (tryings = 39, bot id = 8295772557)
ERROR:aiogram.dispatcher:Failed to fetch updates - TelegramConflictError: Telegram server says - Conflict: terminated by other getUpdates request; make sure that only one bot instance is running
WARNING:aiogram.dispatcher:Sleep for 5.030381 seconds and try again... (tryings = 40, bot id = 8295772557)
ERROR:aiogram.dispatcher:Failed to fetch updates - TelegramConflictError: Telegram server says - Conflict: terminated by other getUpdates request; make sure that only one bot instance is running
WARNING:aiogram.dispatcher:Sleep for 5.076840 seconds and try again... (tryings = 41, bot id = 8295772557)
ERROR:aiogram.dispatcher:Failed to fetch updates - TelegramConflictError: Telegram server says - Conflict: terminated by other getUpdates request; make sure that only one bot instance is running
WARNING:aiogram.dispatcher:Sleep for 5.137631 seconds and try again... (tryings = 42, bot id = 8295772557)
ERROR:aiogram.dispatcher:Failed to fetch updates - TelegramConflictError: Telegram server says - Conflict: terminated by other getUpdates request; make sure that only one bot instance is running
WARNING:aiogram.dispatcher:Sleep for 4.937831 seconds and try again... (tryings = 43, bot id = 8295772557)
ERROR:aiogram.dispatcher:Failed to fetch updates - TelegramConflictError: Telegram server says - Conflict: terminated by other getUpdates request; make sure that only one bot instance is running
WARNING:aiogram.dispatcher:Sleep for 4.974143 seconds and try again... (tryings = 44, bot id = 8295772557)
ERROR:aiogram.dispatcher:Failed to fetch updates - TelegramConflictError: Telegram server says - Conflict: terminated by other getUpdates request; make sure that only one bot instance is running
WARNING:aiogram.dispatcher:Sleep for 4.877462 seconds and try again... (tryings = 45, bot id = 8295772557)
ERROR:aiogram.dispatcher:Failed to fetch updates - TelegramConflictError: Telegram server says - Conflict: terminated by other getUpdates request; make sure that only one bot instance is running
WARNING:aiogram.dispatcher:Sleep for 4.916800 seconds and try again... (tryings = 46, bot id = 8295772557)
ERROR:aiogram.dispatcher:Failed to fetch updates - TelegramConflictError: Telegram server says - Conflict: terminated by other getUpdates request; make sure that only one bot instance is running
WARNING:aiogram.dispatcher:Sleep for 4.959057 seconds and try again... (tryings = 47, bot id = 8295772557)
ERROR:aiogram.dispatcher:Failed to fetch updates - TelegramConflictError: Telegram server says - Conflict: terminated by other getUpdates request; make sure that only one bot instance is running
WARNING:aiogram.dispatcher:Sleep for 5.109535 seconds and try again... (tryings = 48, bot id = 8295772557)
ERROR:aiogram.dispatcher:Failed to fetch updates - TelegramConflictError: Telegram server says - Conflict: terminated by other getUpdates request; make sure that only one bot instance is running
WARNING:aiogram.dispatcher:Sleep for 4.798021 seconds and try again... (tryings = 49, bot id = 8295772557)
ERROR:aiogram.dispatcher:Failed to fetch updates - TelegramConflictError: Telegram server says - Conflict: terminated by other getUpdates request; make sure that only one bot instance is running
WARNING:aiogram.dispatcher:Sleep for 4.909199 seconds and try again... (tryings = 50, bot id = 8295772557)
ERROR:aiogram.dispatcher:Failed to fetch updates - TelegramConflictError: Telegram server says - Conflict: terminated by other getUpdates request; make sure that only one bot instance is running
WARNING:aiogram.dispatcher:Sleep for 4.840938 seconds and try again... (tryings = 51, bot id = 8295772557)
ERROR:aiogram.dispatcher:Failed to fetch updates - TelegramConflictError: Telegram server says - Conflict: terminated by other getUpdates request; make sure that only one bot instance is running
WARNING:aiogram.dispatcher:Sleep for 5.056612 seconds and try again... (tryings = 52, bot id = 8295772557)
ERROR:aiogram.dispatcher:Failed to fetch updates - TelegramConflictError: Telegram server says - Conflict: terminated by other getUpdates request; make sure that only one bot instance is running
WARNING:aiogram.dispatcher:Sleep for 4.967348 seconds and try again... (tryings = 53, bot id = 8295772557)
ERROR:aiogram.dispatcher:Failed to fetch updates - TelegramConflictError: Telegram server says - Conflict: terminated by other getUpdates request; make sure that only one bot instance is running
WARNING:aiogram.dispatcher:Sleep for 4.909836 seconds and try again... (tryings = 54, bot id = 8295772557)
ERROR:aiogram.dispatcher:Failed to fetch updates - TelegramConflictError: Telegram server says - Conflict: terminated by other getUpdates request; make sure that only one bot instance is running
WARNING:aiogram.dispatcher:Sleep for 4.812052 seconds and try again... (tryings = 55, bot id = 8295772557)
ERROR:aiogram.dispatcher:Failed to fetch updates - TelegramConflictError: Telegram server says - Conflict: terminated by other getUpdates request; make sure that only one bot instance is running
WARNING:aiogram.dispatcher:Sleep for 4.938604 seconds and try again... (tryings = 56, bot id = 8295772557)
ERROR:aiogram.dispatcher:Failed to fetch updates - TelegramConflictError: Telegram server says - Conflict: terminated by other getUpdates request; make sure that only one bot instance is running
WARNING:aiogram.dispatcher:Sleep for 4.882258 seconds and try again... (tryings = 57, bot id = 8295772557)
ERROR:aiogram.dispatcher:Failed to fetch updates - TelegramConflictError: Telegram server says - Conflict: terminated by other getUpdates request; make sure that only one bot instance is running
WARNING:aiogram.dispatcher:Sleep for 5.107546 seconds and try again... (tryings = 58, bot id = 8295772557)
ERROR:aiogram.dispatcher:Failed to fetch updates - TelegramConflictError: Telegram server says - Conflict: terminated by other getUpdates request; make sure that only one bot instance is running
WARNING:aiogram.dispatcher:Sleep for 4.961513 seconds and try again... (tryings = 59, bot id = 8295772557)
ERROR:aiogram.dispatcher:Failed to fetch updates - TelegramConflictError: Telegram server says - Conflict: terminated by other getUpdates request; make sure that only one bot instance is running
WARNING:aiogram.dispatcher:Sleep for 4.875851 seconds and try again... (tryings = 60, bot id = 8295772557)
ERROR:aiogram.dispatcher:Failed to fetch updates - TelegramConflictError: Telegram server says - Conflict: terminated by other getUpdates request; make sure that only one bot instance is running
WARNING:aiogram.dispatcher:Sleep for 4.997679 seconds and try again... (tryings = 61, bot id = 8295772557)
ERROR:aiogram.dispatcher:Failed to fetch updates - TelegramConflictError: Telegram server says - Conflict: terminated by other getUpdates request; make sure that only one bot instance is running
WARNING:aiogram.dispatcher:Sleep for 4.883458 seconds and try again... (tryings = 62, bot id = 8295772557)
ERROR:aiogram.dispatcher:Failed to fetch updates - TelegramConflictError: Telegram server says - Conflict: terminated by other getUpdates request; make sure that only one bot instance is running
WARNING:aiogram.dispatcher:Sleep for 5.017841 seconds and try again... (tryings = 63, bot id = 8295772557)
ERROR:aiogram.dispatcher:Failed to fetch updates - TelegramConflictError: Telegram server says - Conflict: terminated by other getUpdates request; make sure that only one bot instance is running
WARNING:aiogram.dispatcher:Sleep for 4.979949 seconds and try again... (tryings = 64, bot id = 8295772557)
ERROR:aiogram.dispatcher:Failed to fetch updates - TelegramConflictError: Telegram server says - Conflict: terminated by other getUpdates request; make sure that only one bot instance is running
WARNING:aiogram.dispatcher:Sleep for 4.942904 seconds and try again... (tryings = 65, bot id = 8295772557)
ERROR:aiogram.dispatcher:Failed to fetch updates - TelegramConflictError: Telegram server says - Conflict: terminated by other getUpdates request; make sure that only one bot instance is running
WARNING:aiogram.dispatcher:Sleep for 5.031181 seconds and try again... (tryings = 66, bot id = 8295772557)
ERROR:aiogram.dispatcher:Failed to fetch updates - TelegramConflictError: Telegram server says - Conflict: terminated by other getUpdates request; make sure that only one bot instance is running
WARNING:aiogram.dispatcher:Sleep for 4.788402 seconds and try again... (tryings = 67, bot id = 8295772557)
ERROR:aiogram.dispatcher:Failed to fetch updates - TelegramConflictError: Telegram server says - Conflict: terminated by other getUpdates request; make sure that only one bot instance is running
WARNING:aiogram.dispatcher:Sleep for 4.930616 seconds and try again... (tryings = 68, bot id = 8295772557)
ERROR:aiogram.dispatcher:Failed to fetch updates - TelegramConflictError: Telegram server says - Conflict: terminated by other getUpdates request; make sure that only one bot instance is running
WARNING:aiogram.dispatcher:Sleep for 5.014773 seconds and try again... (tryings = 69, bot id = 8295772557)
ERROR:aiogram.dispatcher:Failed to fetch updates - TelegramConflictError: Telegram server says - Conflict: terminated by other getUpdates request; make sure that only one bot instance is running
WARNING:aiogram.dispatcher:Sleep for 5.067069 seconds and try again... (tryings = 70, bot id = 8295772557)
